<?xml version="1.0" encoding="UTF-8"?>
<testng-results ignored="0" total="1" passed="1" failed="0" skipped="0">
  <reporter-output>
  </reporter-output>
  <suite started-at="2024-09-10T12:07:46 IST" name="All Test Suite" finished-at="2024-09-10T12:08:01 IST" duration-ms="14606">
    <groups>
    </groups>
    <test started-at="2024-09-10T12:07:46 IST" name="C:/Users/VIPER PC/IdeaProjects/FrameworkDemo/src/test/java/Framework/TestCases/TC_MyAccountPageTest.java" finished-at="2024-09-10T12:08:01 IST" duration-ms="14606">
      <class name="Framework.TestCases.TC_MyAccountPageTest">
        <test-method is-config="true" signature="steup()[pri:0, instance:Framework.TestCases.TC_MyAccountPageTest@5276e6b0]" started-at="2024-09-10T12:07:46 IST" name="steup" finished-at="2024-09-10T12:07:48 IST" duration-ms="2214" status="PASS">
          <reporter-output>
          </reporter-output>
        </test-method> <!-- steup -->
        <test-method signature="VerifyRegAndLogin()[pri:0, instance:Framework.TestCases.TC_MyAccountPageTest@5276e6b0]" started-at="2024-09-10T12:07:48 IST" name="VerifyRegAndLogin" finished-at="2024-09-10T12:08:01 IST" duration-ms="12103" status="PASS">
          <reporter-output>
          </reporter-output>
        </test-method> <!-- VerifyRegAndLogin -->
        <test-method is-config="true" signature="teardown()[pri:0, instance:Framework.TestCases.TC_MyAccountPageTest@5276e6b0]" started-at="2024-09-10T12:08:01 IST" name="teardown" finished-at="2024-09-10T12:08:01 IST" duration-ms="252" status="PASS">
          <reporter-output>
          </reporter-output>
        </test-method> <!-- teardown -->
      </class> <!-- Framework.TestCases.TC_MyAccountPageTest -->
    </test> <!-- C:/Users/VIPER PC/IdeaProjects/FrameworkDemo/src/test/java/Framework/TestCases/TC_MyAccountPageTest.java -->
  </suite> <!-- All Test Suite -->
</testng-results>
